  BVH.cpp
C:\D-disk\Study\CG\whitted_ray_tracing\PA6\PA6\global.hpp(19,46): warning C4244: “=”: 从“double”转换到“float”，可能丢失数据
C:\D-disk\Study\CG\whitted_ray_tracing\PA6\PA6\global.hpp(21,17): warning C4244: “初始化”: 从“double”转换到“float”，可能丢失数据
C:\D-disk\Study\CG\whitted_ray_tracing\PA6\PA6\global.hpp(45,13): warning C4244: “初始化”: 从“float”转换到“int”，可能丢失数据
C:\D-disk\Study\CG\whitted_ray_tracing\PA6\PA6\Ray.hpp(16,68): warning C4244: “参数”: 从“double”转换到“float”，可能丢失数据
C:\D-disk\Study\CG\whitted_ray_tracing\PA6\PA6\Ray.hpp(16,52): warning C4244: “参数”: 从“double”转换到“float”，可能丢失数据
C:\D-disk\Study\CG\whitted_ray_tracing\PA6\PA6\Ray.hpp(16,36): warning C4244: “参数”: 从“double”转换到“float”，可能丢失数据
C:\D-disk\Study\CG\whitted_ray_tracing\PA6\PA6\Ray.hpp(22,65): warning C4244: “参数”: 从“double”转换到“const float”，可能丢失数据
C:\D-disk\Study\CG\whitted_ray_tracing\PA6\PA6\Bounds3.hpp(20,41): warning C4244: “参数”: 从“double”转换到“float”，可能丢失数据
C:\D-disk\Study\CG\whitted_ray_tracing\PA6\PA6\Bounds3.hpp(20,33): warning C4244: “参数”: 从“double”转换到“float”，可能丢失数据
C:\D-disk\Study\CG\whitted_ray_tracing\PA6\PA6\Bounds3.hpp(20,25): warning C4244: “参数”: 从“double”转换到“float”，可能丢失数据
C:\D-disk\Study\CG\whitted_ray_tracing\PA6\PA6\Bounds3.hpp(21,41): warning C4244: “参数”: 从“double”转换到“float”，可能丢失数据
C:\D-disk\Study\CG\whitted_ray_tracing\PA6\PA6\Bounds3.hpp(21,33): warning C4244: “参数”: 从“double”转换到“float”，可能丢失数据
C:\D-disk\Study\CG\whitted_ray_tracing\PA6\PA6\Bounds3.hpp(21,25): warning C4244: “参数”: 从“double”转换到“float”，可能丢失数据
C:\D-disk\Study\CG\whitted_ray_tracing\PA6\PA6\Bounds3.hpp(96,19): warning C4244: “初始化”: 从“double”转换到“float”，可能丢失数据
C:\D-disk\Study\CG\whitted_ray_tracing\PA6\PA6\Bounds3.hpp(97,19): warning C4244: “初始化”: 从“double”转换到“float”，可能丢失数据
C:\D-disk\Study\CG\whitted_ray_tracing\PA6\PA6\Bounds3.hpp(98,19): warning C4244: “初始化”: 从“double”转换到“float”，可能丢失数据
C:\D-disk\Study\CG\whitted_ray_tracing\PA6\PA6\Bounds3.hpp(99,19): warning C4244: “初始化”: 从“double”转换到“float”，可能丢失数据
C:\D-disk\Study\CG\whitted_ray_tracing\PA6\PA6\Bounds3.hpp(100,19): warning C4244: “初始化”: 从“double”转换到“float”，可能丢失数据
C:\D-disk\Study\CG\whitted_ray_tracing\PA6\PA6\Bounds3.hpp(101,19): warning C4244: “初始化”: 从“double”转换到“float”，可能丢失数据
  main.cpp
C:\D-disk\Study\CG\whitted_ray_tracing\PA6\PA6\global.hpp(19,46): warning C4244: “=”: 从“double”转换到“float”，可能丢失数据
C:\D-disk\Study\CG\whitted_ray_tracing\PA6\PA6\global.hpp(21,17): warning C4244: “初始化”: 从“double”转换到“float”，可能丢失数据
C:\D-disk\Study\CG\whitted_ray_tracing\PA6\PA6\global.hpp(45,13): warning C4244: “初始化”: 从“float”转换到“int”，可能丢失数据
C:\D-disk\Study\CG\whitted_ray_tracing\PA6\PA6\Ray.hpp(16,68): warning C4244: “参数”: 从“double”转换到“float”，可能丢失数据
C:\D-disk\Study\CG\whitted_ray_tracing\PA6\PA6\Ray.hpp(16,52): warning C4244: “参数”: 从“double”转换到“float”，可能丢失数据
C:\D-disk\Study\CG\whitted_ray_tracing\PA6\PA6\Ray.hpp(16,36): warning C4244: “参数”: 从“double”转换到“float”，可能丢失数据
C:\D-disk\Study\CG\whitted_ray_tracing\PA6\PA6\Ray.hpp(22,65): warning C4244: “参数”: 从“double”转换到“const float”，可能丢失数据
C:\D-disk\Study\CG\whitted_ray_tracing\PA6\PA6\Bounds3.hpp(20,41): warning C4244: “参数”: 从“double”转换到“float”，可能丢失数据
C:\D-disk\Study\CG\whitted_ray_tracing\PA6\PA6\Bounds3.hpp(20,33): warning C4244: “参数”: 从“double”转换到“float”，可能丢失数据
C:\D-disk\Study\CG\whitted_ray_tracing\PA6\PA6\Bounds3.hpp(20,25): warning C4244: “参数”: 从“double”转换到“float”，可能丢失数据
C:\D-disk\Study\CG\whitted_ray_tracing\PA6\PA6\Bounds3.hpp(21,41): warning C4244: “参数”: 从“double”转换到“float”，可能丢失数据
C:\D-disk\Study\CG\whitted_ray_tracing\PA6\PA6\Bounds3.hpp(21,33): warning C4244: “参数”: 从“double”转换到“float”，可能丢失数据
C:\D-disk\Study\CG\whitted_ray_tracing\PA6\PA6\Bounds3.hpp(21,25): warning C4244: “参数”: 从“double”转换到“float”，可能丢失数据
C:\D-disk\Study\CG\whitted_ray_tracing\PA6\PA6\Bounds3.hpp(96,19): warning C4244: “初始化”: 从“double”转换到“float”，可能丢失数据
C:\D-disk\Study\CG\whitted_ray_tracing\PA6\PA6\Bounds3.hpp(97,19): warning C4244: “初始化”: 从“double”转换到“float”，可能丢失数据
C:\D-disk\Study\CG\whitted_ray_tracing\PA6\PA6\Bounds3.hpp(98,19): warning C4244: “初始化”: 从“double”转换到“float”，可能丢失数据
C:\D-disk\Study\CG\whitted_ray_tracing\PA6\PA6\Bounds3.hpp(99,19): warning C4244: “初始化”: 从“double”转换到“float”，可能丢失数据
C:\D-disk\Study\CG\whitted_ray_tracing\PA6\PA6\Bounds3.hpp(100,19): warning C4244: “初始化”: 从“double”转换到“float”，可能丢失数据
C:\D-disk\Study\CG\whitted_ray_tracing\PA6\PA6\Bounds3.hpp(101,19): warning C4244: “初始化”: 从“double”转换到“float”，可能丢失数据
C:\D-disk\Study\CG\whitted_ray_tracing\PA6\PA6\Scene.hpp(23,60): warning C4305: “参数”: 从“double”到“float”截断
C:\D-disk\Study\CG\whitted_ray_tracing\PA6\PA6\Scene.hpp(23,51): warning C4305: “参数”: 从“double”到“float”截断
C:\D-disk\Study\CG\whitted_ray_tracing\PA6\PA6\Scene.hpp(23,41): warning C4305: “参数”: 从“double”到“float”截断
C:\D-disk\Study\CG\whitted_ray_tracing\PA6\PA6\OBJ_Loader.hpp(945,33): warning C4244: “初始化”: 从“double”转换到“float”，可能丢失数据
C:\D-disk\Study\CG\whitted_ray_tracing\PA6\PA6\Triangle.hpp(112,27): warning C4305: “=”: 从“double”到“float”截断
C:\D-disk\Study\CG\whitted_ray_tracing\PA6\PA6\Triangle.hpp(172,23): warning C4244: “初始化”: 从“int”转换到“float”，可能丢失数据
C:\D-disk\Study\CG\whitted_ray_tracing\PA6\PA6\Triangle.hpp(175,44): warning C4305: “参数”: 从“double”到“float”截断
C:\D-disk\Study\CG\whitted_ray_tracing\PA6\PA6\Triangle.hpp(175,37): warning C4305: “参数”: 从“double”到“float”截断
C:\D-disk\Study\CG\whitted_ray_tracing\PA6\PA6\Triangle.hpp(175,30): warning C4305: “参数”: 从“double”到“float”截断
C:\D-disk\Study\CG\whitted_ray_tracing\PA6\PA6\Triangle.hpp(174,44): warning C4305: “参数”: 从“double”到“float”截断
C:\D-disk\Study\CG\whitted_ray_tracing\PA6\PA6\Triangle.hpp(174,37): warning C4305: “参数”: 从“double”到“float”截断
C:\D-disk\Study\CG\whitted_ray_tracing\PA6\PA6\Triangle.hpp(174,30): warning C4305: “参数”: 从“double”到“float”截断
C:\Program Files\Microsoft Visual Studio\2022\Community\VC\Tools\MSVC\14.37.32822\include\memory(3477,56): warning C4244: “参数”: 从“_Ty”转换到“float”，可能丢失数据
          with
          [
              _Ty=int
          ]
C:\D-disk\Study\CG\whitted_ray_tracing\PA6\PA6\main.cpp(21,20): message : 查看对正在编译的函数 模板 实例化“std::unique_ptr<Light,std::default_delete<Light>> std::make_unique<Light,Vector3f,int,0>(Vector3f &&,int &&)”的引用
  正在生成代码...
  PA6.vcxproj -> C:\D-disk\Study\CG\whitted_ray_tracing\PA6\x64\Debug\PA6.exe
