  Renderer.cpp
E:\Past Courses\CG\101\PA6\PA6\global.hpp(19,46): warning C4244: “=”: 从“double”转换到“float”，可能丢失数据
E:\Past Courses\CG\101\PA6\PA6\global.hpp(21,17): warning C4244: “初始化”: 从“double”转换到“float”，可能丢失数据
E:\Past Courses\CG\101\PA6\PA6\global.hpp(45,13): warning C4244: “初始化”: 从“float”转换到“int”，可能丢失数据
E:\Past Courses\CG\101\PA6\PA6\Ray.hpp(16,68): warning C4244: “参数”: 从“double”转换到“float”，可能丢失数据
E:\Past Courses\CG\101\PA6\PA6\Ray.hpp(16,52): warning C4244: “参数”: 从“double”转换到“float”，可能丢失数据
E:\Past Courses\CG\101\PA6\PA6\Ray.hpp(16,36): warning C4244: “参数”: 从“double”转换到“float”，可能丢失数据
E:\Past Courses\CG\101\PA6\PA6\Ray.hpp(22,65): warning C4244: “参数”: 从“double”转换到“const float”，可能丢失数据
E:\Past Courses\CG\101\PA6\PA6\Bounds3.hpp(20,41): warning C4244: “参数”: 从“double”转换到“float”，可能丢失数据
E:\Past Courses\CG\101\PA6\PA6\Bounds3.hpp(20,33): warning C4244: “参数”: 从“double”转换到“float”，可能丢失数据
E:\Past Courses\CG\101\PA6\PA6\Bounds3.hpp(20,25): warning C4244: “参数”: 从“double”转换到“float”，可能丢失数据
E:\Past Courses\CG\101\PA6\PA6\Bounds3.hpp(21,41): warning C4244: “参数”: 从“double”转换到“float”，可能丢失数据
E:\Past Courses\CG\101\PA6\PA6\Bounds3.hpp(21,33): warning C4244: “参数”: 从“double”转换到“float”，可能丢失数据
E:\Past Courses\CG\101\PA6\PA6\Bounds3.hpp(21,25): warning C4244: “参数”: 从“double”转换到“float”，可能丢失数据
E:\Past Courses\CG\101\PA6\PA6\Bounds3.hpp(96,19): warning C4244: “初始化”: 从“double”转换到“float”，可能丢失数据
E:\Past Courses\CG\101\PA6\PA6\Bounds3.hpp(97,19): warning C4244: “初始化”: 从“double”转换到“float”，可能丢失数据
E:\Past Courses\CG\101\PA6\PA6\Bounds3.hpp(98,19): warning C4244: “初始化”: 从“double”转换到“float”，可能丢失数据
E:\Past Courses\CG\101\PA6\PA6\Bounds3.hpp(99,19): warning C4244: “初始化”: 从“double”转换到“float”，可能丢失数据
E:\Past Courses\CG\101\PA6\PA6\Bounds3.hpp(100,19): warning C4244: “初始化”: 从“double”转换到“float”，可能丢失数据
E:\Past Courses\CG\101\PA6\PA6\Bounds3.hpp(101,19): warning C4244: “初始化”: 从“double”转换到“float”，可能丢失数据
E:\Past Courses\CG\101\PA6\PA6\Scene.hpp(23,60): warning C4305: “参数”: 从“double”到“float”截断
E:\Past Courses\CG\101\PA6\PA6\Scene.hpp(23,51): warning C4305: “参数”: 从“double”到“float”截断
E:\Past Courses\CG\101\PA6\PA6\Scene.hpp(23,41): warning C4305: “参数”: 从“double”到“float”截断
E:\Past Courses\CG\101\PA6\PA6\Renderer.cpp(10,60): warning C4244: “return”: 从“double”转换到“float”，可能丢失数据
E:\Past Courses\CG\101\PA6\PA6\Renderer.cpp(12,23): warning C4305: “初始化”: 从“double”到“float”截断
E:\Past Courses\CG\101\PA6\PA6\Renderer.cpp(21,41): warning C4244: “参数”: 从“double”转换到“const float”，可能丢失数据
E:\Past Courses\CG\101\PA6\PA6\Renderer.cpp(27,28): warning C4018: “<”: 有符号/无符号不匹配
E:\Past Courses\CG\101\PA6\PA6\Renderer.cpp(28,32): warning C4018: “<”: 有符号/无符号不匹配
E:\Past Courses\CG\101\PA6\PA6\Renderer.cpp(30,21): warning C4244: “初始化”: 从“double”转换到“float”，可能丢失数据
E:\Past Courses\CG\101\PA6\PA6\Renderer.cpp(32,21): warning C4244: “初始化”: 从“double”转换到“float”，可能丢失数据
  正在生成代码
  1 of 1156 functions (<0.1%) were compiled, the rest were copied from previous compilation.
    0 functions were new in current compilation
    3 functions had inline decision re-evaluated but remain unchanged
  已完成代码的生成
  PA6.vcxproj -> E:\Past Courses\CG\101\PA6\x64\Release\PA6.exe
